<?xml version="1.0" encoding="UTF-8"?>
<robot generator="Robot 6.0.1 (Python 3.11.0 on win32)" generated="20221202 09:30:49.189" rpa="false" schemaversion="3">
<suite id="s1" name="Robot" source="C:\Users\harjoittelija\Desktop\Robot">
<suite id="s1-s1" name="Lakko" source="C:\Users\harjoittelija\Desktop\Robot\lakko.robot">
<kw name="Setup" type="SETUP">
<kw name="Open Browser" library="Browser">
<arg>https://kahoot.it/</arg>
<tag>BrowserControl</tag>
<tag>Setter</tag>
<doc>Opens a new browser instance. Use this keyword for quick experiments or debugging sessions.</doc>
<msg timestamp="20221202 09:30:50.630" level="WARN">Open Browser is for quick experimentation and debugging only. Use New Page for production.</msg>
<msg timestamp="20221202 09:30:50.631" level="INFO">{"browser": "chromium", "headless": false, "devtools": false, "handleSIGHUP": true, "handleSIGINT": true, "handleSIGTERM": true, "slowMo": 0.0, "timeout": 30000.0, "deprecated_pos_args": [], "tracesDir": "C:\\Users\\harjoittelija\\Desktop\\Robot\\browser\\traces\\9a6c5a0c-f848-49f9-891a-92a6899a455c"}</msg>
<msg timestamp="20221202 09:30:51.454" level="INFO">Successfully created browser with options: {"browser":"chromium","headless":false,"devtools":false,"handleSIGHUP":true,"handleSIGINT":true,"handleSIGTERM":true,"slowMo":0,"timeout":30000,"deprecated_pos_args":[],"tracesDir":"C:\\Users\\harjoittelija\\Desktop\\Robot\\browser\\traces\\9a6c5a0c-f848-49f9-891a-92a6899a455c"}</msg>
<msg timestamp="20221202 09:30:51.454" level="INFO">{
  "acceptDownloads": true,
  "bypassCSP": true,
  "forcedColors": "none",
  "hideRfBrowser": false,
  "ignoreHTTPSErrors": false,
  "javaScriptEnabled": true,
  "offline": false,
  "reducedMotion": "no-preference",
  "viewport": {
    "width": 1280,
    "height": 720
  },
  "deprecated_pos_args": []
}</msg>
<msg timestamp="20221202 09:30:51.511" level="INFO">Successfully created context. </msg>
<msg timestamp="20221202 09:30:51.511" level="INFO">{'acceptDownloads': True, 'bypassCSP': True, 'forcedColors': 'none', 'hideRfBrowser': False, 'ignoreHTTPSErrors': False, 'javaScriptEnabled': True, 'offline': False, 'reducedMotion': 'no-preference', 'viewport': {'width': 1280, 'height': 720}, 'deprecated_pos_args': []}</msg>
<msg timestamp="20221202 09:30:53.436" level="INFO">Successfully initialized new page object and opened url: https://kahoot.it/</msg>
<status status="PASS" starttime="20221202 09:30:50.629" endtime="20221202 09:30:53.437"/>
</kw>
<status status="PASS" starttime="20221202 09:30:50.628" endtime="20221202 09:30:53.437"/>
</kw>
<test id="s1-s1-t1" name="kahoot" line="7">
<kw name="Set Browser Timeout" library="Browser">
<arg>30</arg>
<tag>Config</tag>
<tag>Setter</tag>
<doc>Sets the timeout used by most input and getter keywords.</doc>
<msg timestamp="20221202 09:30:53.465" level="INFO">Set timeout to: 30000</msg>
<status status="PASS" starttime="20221202 09:30:53.460" endtime="20221202 09:30:53.465"/>
</kw>
<kw name="Fill Text" library="Browser">
<arg>id=game-input</arg>
<arg>01321284</arg>
<tag>PageContent</tag>
<tag>Setter</tag>
<doc>Clears and fills the given ``txt`` into the text field found by ``selector``.</doc>
<msg timestamp="20221202 09:30:53.466" level="INFO">Fills the text '01321284' in the given field.</msg>
<status status="PASS" starttime="20221202 09:30:53.465" endtime="20221202 09:30:53.572"/>
</kw>
<kw name="Click" library="Browser">
<arg>"Enter"</arg>
<tag>PageContent</tag>
<tag>Setter</tag>
<doc>Simulates mouse click on the element found by ``selector``.</doc>
<status status="PASS" starttime="20221202 09:30:53.572" endtime="20221202 09:30:53.711"/>
</kw>
<kw name="Click" library="Browser">
<arg>"Spin!"</arg>
<tag>PageContent</tag>
<tag>Setter</tag>
<doc>Simulates mouse click on the element found by ``selector``.</doc>
<status status="PASS" starttime="20221202 09:30:53.711" endtime="20221202 09:31:00.997"/>
</kw>
<kw name="Click" library="Browser">
<arg>"Ok, go!"</arg>
<tag>PageContent</tag>
<tag>Setter</tag>
<doc>Simulates mouse click on the element found by ``selector``.</doc>
<status status="PASS" starttime="20221202 09:31:00.999" endtime="20221202 09:31:03.085"/>
</kw>
<kw name="Click" library="Browser">
<arg>css=.jbIriB</arg>
<tag>PageContent</tag>
<tag>Setter</tag>
<doc>Simulates mouse click on the element found by ``selector``.</doc>
<status status="PASS" starttime="20221202 09:31:03.085" endtime="20221202 09:31:21.656"/>
</kw>
<kw name="Click" library="Browser">
<arg>"Next"</arg>
<tag>PageContent</tag>
<tag>Setter</tag>
<doc>Simulates mouse click on the element found by ``selector``.</doc>
<status status="PASS" starttime="20221202 09:31:21.657" endtime="20221202 09:31:21.756"/>
</kw>
<kw name="Click" library="Browser">
<arg>"Next"</arg>
<tag>PageContent</tag>
<tag>Setter</tag>
<doc>Simulates mouse click on the element found by ``selector``.</doc>
<status status="PASS" starttime="20221202 09:31:21.757" endtime="20221202 09:31:21.878"/>
</kw>
<kw name="Click" library="Browser">
<arg>css=.bCSGHb</arg>
<tag>PageContent</tag>
<tag>Setter</tag>
<doc>Simulates mouse click on the element found by ``selector``.</doc>
<status status="PASS" starttime="20221202 09:31:21.880" endtime="20221202 09:31:26.965"/>
</kw>
<kw name="Click" library="Browser">
<arg>"Next"</arg>
<tag>PageContent</tag>
<tag>Setter</tag>
<doc>Simulates mouse click on the element found by ``selector``.</doc>
<status status="PASS" starttime="20221202 09:31:26.966" endtime="20221202 09:31:27.094"/>
</kw>
<kw name="Sleep" library="BuiltIn">
<arg>10</arg>
<doc>Pauses the test executed for the given time.</doc>
<msg timestamp="20221202 09:31:37.099" level="INFO">Slept 10 seconds</msg>
<status status="PASS" starttime="20221202 09:31:27.099" endtime="20221202 09:31:37.099"/>
</kw>
<status status="PASS" starttime="20221202 09:30:53.437" endtime="20221202 09:31:37.099"/>
</test>
<kw name="Close Browser" library="Browser" type="TEARDOWN">
<tag>BrowserControl</tag>
<tag>Setter</tag>
<doc>Closes the current browser.</doc>
<msg timestamp="20221202 09:31:37.464" level="INFO">Closed browser</msg>
<status status="PASS" starttime="20221202 09:31:37.107" endtime="20221202 09:31:37.464"/>
</kw>
<status status="PASS" starttime="20221202 09:30:49.222" endtime="20221202 09:31:37.465"/>
</suite>
<status status="PASS" starttime="20221202 09:30:49.190" endtime="20221202 09:31:37.469"/>
</suite>
<statistics>
<total>
<stat pass="1" fail="0" skip="0">All Tests</stat>
</total>
<tag>
</tag>
<suite>
<stat pass="1" fail="0" skip="0" id="s1" name="Robot">Robot</stat>
<stat pass="1" fail="0" skip="0" id="s1-s1" name="Lakko">Robot.Lakko</stat>
</suite>
</statistics>
<errors>
<msg timestamp="20221202 09:30:50.630" level="WARN">Open Browser is for quick experimentation and debugging only. Use New Page for production.</msg>
</errors>
</robot>
